<?xml version="1.0" encoding="UTF-8" ?>
<testsuite errors="0" failures="1" hostname="JSP405" name="sample.TaxTest" skipped="0" tests="3" time="0.088" timestamp="2020-10-02T10:57:20">
  <properties>
[...]
</properties>
  <testcase classname="sample.TaxTest" name="test1" time="0.002" />
  <testcase classname="sample.TaxTest" name="test3" time="0.005">
    <failure message="expected:&lt;80&gt; but was:&lt;70&gt;" type="junit.framework.AssertionFailedError">junit.framework.AssertionFailedError: expected:&lt;80&gt; but was:&lt;70&gt;
	at sample.TaxTest.test3(Unknown Source)
</failure>
  </testcase>
  <testcase classname="sample.TaxTest" name="test2" time="0.0" />
  <system-out><![CDATA[A
C
C
]]></system-out>
  <system-err><![CDATA[]]></system-err>
</testsuite>
